  Generating code
  0 of 232 functions ( 0.0%) were compiled, the rest were copied from previous compilation.
    0 functions were new in current compilation
    0 functions had inline decision re-evaluated but remain unchanged
  Finished generating code
allegro_monolith-static.lib(allegro.obj) : warning LNK4099: PDB 'allegro_monolith.pdb' was not found with 'allegro_monolith-static.lib(allegro.obj)' or at 'C:\Users\Wes\source\repos\Coke\Release\allegro_monolith.pdb'; linking object as if no debug info
allegro_monolith-static.lib(bitmap.obj) : warning LNK4099: PDB 'allegro_monolith.pdb' was not found with 'allegro_monolith-static.lib(bitmap.obj)' or at 'C:\Users\Wes\source\repos\Coke\Release\allegro_monolith.pdb'; linking object as if no debug info
allegro_monolith-static.lib(bitmap_draw.obj) : warning LNK4099: PDB 'allegro_monolith.pdb' was not found with 'allegro_monolith-static.lib(bitmap_draw.obj)' or at 'C:\Users\Wes\source\repos\Coke\Release\allegro_monolith.pdb'; linking object as if no debug info
allegro_monolith-static.lib(bitmap_io.obj) : warning LNK4099: PDB 'allegro_monolith.pdb' was not found with 'allegro_monolith-static.lib(bitmap_io.obj)' or at 'C:\Users\Wes\source\repos\Coke\Release\allegro_monolith.pdb'; linking object as if no debug info
allegro_monolith-static.lib(bitmap_lock.obj) : warning LNK4099: PDB 'allegro_monolith.pdb' was not found with 'allegro_monolith-static.lib(bitmap_lock.obj)' or at 'C:\Users\Wes\source\repos\Coke\Release\allegro_monolith.pdb'; linking object as if no debug info
allegro_monolith-static.lib(bitmap_pixel.obj) : warning LNK4099: PDB 'allegro_monolith.pdb' was not found with 'allegro_monolith-static.lib(bitmap_pixel.obj)' or at 'C:\Users\Wes\source\repos\Coke\Release\allegro_monolith.pdb'; linking object as if no debug info
allegro_monolith-static.lib(bitmap_type.obj) : warning LNK4099: PDB 'allegro_monolith.pdb' was not found with 'allegro_monolith-static.lib(bitmap_type.obj)' or at 'C:\Users\Wes\source\repos\Coke\Release\allegro_monolith.pdb'; linking object as if no debug info
allegro_monolith-static.lib(blenders.obj) : warning LNK4099: PDB 'allegro_monolith.pdb' was not found with 'allegro_monolith-static.lib(blenders.obj)' or at 'C:\Users\Wes\source\repos\Coke\Release\allegro_monolith.pdb'; linking object as if no debug info
allegro_monolith-static.lib(config.obj) : warning LNK4099: PDB 'allegro_monolith.pdb' was not found with 'allegro_monolith-static.lib(config.obj)' or at 'C:\Users\Wes\source\repos\Coke\Release\allegro_monolith.pdb'; linking object as if no debug info
allegro_monolith-static.lib(convert.obj) : warning LNK4099: PDB 'allegro_monolith.pdb' was not found with 'allegro_monolith-static.lib(convert.obj)' or at 'C:\Users\Wes\source\repos\Coke\Release\allegro_monolith.pdb'; linking object as if no debug info
allegro_monolith-static.lib(debug.obj) : warning LNK4099: PDB 'allegro_monolith.pdb' was not found with 'allegro_monolith-static.lib(debug.obj)' or at 'C:\Users\Wes\source\repos\Coke\Release\allegro_monolith.pdb'; linking object as if no debug info
allegro_monolith-static.lib(display.obj) : warning LNK4099: PDB 'allegro_monolith.pdb' was not found with 'allegro_monolith-static.lib(display.obj)' or at 'C:\Users\Wes\source\repos\Coke\Release\allegro_monolith.pdb'; linking object as if no debug info
allegro_monolith-static.lib(display_settings.obj) : warning LNK4099: PDB 'allegro_monolith.pdb' was not found with 'allegro_monolith-static.lib(display_settings.obj)' or at 'C:\Users\Wes\source\repos\Coke\Release\allegro_monolith.pdb'; linking object as if no debug info
allegro_monolith-static.lib(drawing.obj) : warning LNK4099: PDB 'allegro_monolith.pdb' was not found with 'allegro_monolith-static.lib(drawing.obj)' or at 'C:\Users\Wes\source\repos\Coke\Release\allegro_monolith.pdb'; linking object as if no debug info
allegro_monolith-static.lib(dtor.obj) : warning LNK4099: PDB 'allegro_monolith.pdb' was not found with 'allegro_monolith-static.lib(dtor.obj)' or at 'C:\Users\Wes\source\repos\Coke\Release\allegro_monolith.pdb'; linking object as if no debug info
allegro_monolith-static.lib(events.obj) : warning LNK4099: PDB 'allegro_monolith.pdb' was not found with 'allegro_monolith-static.lib(events.obj)' or at 'C:\Users\Wes\source\repos\Coke\Release\allegro_monolith.pdb'; linking object as if no debug info
allegro_monolith-static.lib(evtsrc.obj) : warning LNK4099: PDB 'allegro_monolith.pdb' was not found with 'allegro_monolith-static.lib(evtsrc.obj)' or at 'C:\Users\Wes\source\repos\Coke\Release\allegro_monolith.pdb'; linking object as if no debug info
allegro_monolith-static.lib(exitfunc.obj) : warning LNK4099: PDB 'allegro_monolith.pdb' was not found with 'allegro_monolith-static.lib(exitfunc.obj)' or at 'C:\Users\Wes\source\repos\Coke\Release\allegro_monolith.pdb'; linking object as if no debug info
allegro_monolith-static.lib(file.obj) : warning LNK4099: PDB 'allegro_monolith.pdb' was not found with 'allegro_monolith-static.lib(file.obj)' or at 'C:\Users\Wes\source\repos\Coke\Release\allegro_monolith.pdb'; linking object as if no debug info
allegro_monolith-static.lib(file_stdio.obj) : warning LNK4099: PDB 'allegro_monolith.pdb' was not found with 'allegro_monolith-static.lib(file_stdio.obj)' or at 'C:\Users\Wes\source\repos\Coke\Release\allegro_monolith.pdb'; linking object as if no debug info
allegro_monolith-static.lib(fshook_stdio.obj) : warning LNK4099: PDB 'allegro_monolith.pdb' was not found with 'allegro_monolith-static.lib(fshook_stdio.obj)' or at 'C:\Users\Wes\source\repos\Coke\Release\allegro_monolith.pdb'; linking object as if no debug info
allegro_monolith-static.lib(fullscreen_mode.obj) : warning LNK4099: PDB 'allegro_monolith.pdb' was not found with 'allegro_monolith-static.lib(fullscreen_mode.obj)' or at 'C:\Users\Wes\source\repos\Coke\Release\allegro_monolith.pdb'; linking object as if no debug info
allegro_monolith-static.lib(haptic.obj) : warning LNK4099: PDB 'allegro_monolith.pdb' was not found with 'allegro_monolith-static.lib(haptic.obj)' or at 'C:\Users\Wes\source\repos\Coke\Release\allegro_monolith.pdb'; linking object as if no debug info
allegro_monolith-static.lib(joynu.obj) : warning LNK4099: PDB 'allegro_monolith.pdb' was not found with 'allegro_monolith-static.lib(joynu.obj)' or at 'C:\Users\Wes\source\repos\Coke\Release\allegro_monolith.pdb'; linking object as if no debug info
allegro_monolith-static.lib(keybdnu.obj) : warning LNK4099: PDB 'allegro_monolith.pdb' was not found with 'allegro_monolith-static.lib(keybdnu.obj)' or at 'C:\Users\Wes\source\repos\Coke\Release\allegro_monolith.pdb'; linking object as if no debug info
allegro_monolith-static.lib(libc.obj) : warning LNK4099: PDB 'allegro_monolith.pdb' was not found with 'allegro_monolith-static.lib(libc.obj)' or at 'C:\Users\Wes\source\repos\Coke\Release\allegro_monolith.pdb'; linking object as if no debug info
allegro_monolith-static.lib(memblit.obj) : warning LNK4099: PDB 'allegro_monolith.pdb' was not found with 'allegro_monolith-static.lib(memblit.obj)' or at 'C:\Users\Wes\source\repos\Coke\Release\allegro_monolith.pdb'; linking object as if no debug info
allegro_monolith-static.lib(memdraw.obj) : warning LNK4099: PDB 'allegro_monolith.pdb' was not found with 'allegro_monolith-static.lib(memdraw.obj)' or at 'C:\Users\Wes\source\repos\Coke\Release\allegro_monolith.pdb'; linking object as if no debug info
allegro_monolith-static.lib(memory.obj) : warning LNK4099: PDB 'allegro_monolith.pdb' was not found with 'allegro_monolith-static.lib(memory.obj)' or at 'C:\Users\Wes\source\repos\Coke\Release\allegro_monolith.pdb'; linking object as if no debug info
allegro_monolith-static.lib(monitor.obj) : warning LNK4099: PDB 'allegro_monolith.pdb' was not found with 'allegro_monolith-static.lib(monitor.obj)' or at 'C:\Users\Wes\source\repos\Coke\Release\allegro_monolith.pdb'; linking object as if no debug info
allegro_monolith-static.lib(mousenu.obj) : warning LNK4099: PDB 'allegro_monolith.pdb' was not found with 'allegro_monolith-static.lib(mousenu.obj)' or at 'C:\Users\Wes\source\repos\Coke\Release\allegro_monolith.pdb'; linking object as if no debug info
allegro_monolith-static.lib(path.obj) : warning LNK4099: PDB 'allegro_monolith.pdb' was not found with 'allegro_monolith-static.lib(path.obj)' or at 'C:\Users\Wes\source\repos\Coke\Release\allegro_monolith.pdb'; linking object as if no debug info
allegro_monolith-static.lib(pixels.obj) : warning LNK4099: PDB 'allegro_monolith.pdb' was not found with 'allegro_monolith-static.lib(pixels.obj)' or at 'C:\Users\Wes\source\repos\Coke\Release\allegro_monolith.pdb'; linking object as if no debug info
allegro_monolith-static.lib(shader.obj) : warning LNK4099: PDB 'allegro_monolith.pdb' was not found with 'allegro_monolith-static.lib(shader.obj)' or at 'C:\Users\Wes\source\repos\Coke\Release\allegro_monolith.pdb'; linking object as if no debug info
allegro_monolith-static.lib(system.obj) : warning LNK4099: PDB 'allegro_monolith.pdb' was not found with 'allegro_monolith-static.lib(system.obj)' or at 'C:\Users\Wes\source\repos\Coke\Release\allegro_monolith.pdb'; linking object as if no debug info
allegro_monolith-static.lib(threads.obj) : warning LNK4099: PDB 'allegro_monolith.pdb' was not found with 'allegro_monolith-static.lib(threads.obj)' or at 'C:\Users\Wes\source\repos\Coke\Release\allegro_monolith.pdb'; linking object as if no debug info
allegro_monolith-static.lib(timernu.obj) : warning LNK4099: PDB 'allegro_monolith.pdb' was not found with 'allegro_monolith-static.lib(timernu.obj)' or at 'C:\Users\Wes\source\repos\Coke\Release\allegro_monolith.pdb'; linking object as if no debug info
allegro_monolith-static.lib(tls.obj) : warning LNK4099: PDB 'allegro_monolith.pdb' was not found with 'allegro_monolith-static.lib(tls.obj)' or at 'C:\Users\Wes\source\repos\Coke\Release\allegro_monolith.pdb'; linking object as if no debug info
allegro_monolith-static.lib(touch_input.obj) : warning LNK4099: PDB 'allegro_monolith.pdb' was not found with 'allegro_monolith-static.lib(touch_input.obj)' or at 'C:\Users\Wes\source\repos\Coke\Release\allegro_monolith.pdb'; linking object as if no debug info
allegro_monolith-static.lib(transformations.obj) : warning LNK4099: PDB 'allegro_monolith.pdb' was not found with 'allegro_monolith-static.lib(transformations.obj)' or at 'C:\Users\Wes\source\repos\Coke\Release\allegro_monolith.pdb'; linking object as if no debug info
allegro_monolith-static.lib(tri_soft.obj) : warning LNK4099: PDB 'allegro_monolith.pdb' was not found with 'allegro_monolith-static.lib(tri_soft.obj)' or at 'C:\Users\Wes\source\repos\Coke\Release\allegro_monolith.pdb'; linking object as if no debug info
allegro_monolith-static.lib(utf8.obj) : warning LNK4099: PDB 'allegro_monolith.pdb' was not found with 'allegro_monolith-static.lib(utf8.obj)' or at 'C:\Users\Wes\source\repos\Coke\Release\allegro_monolith.pdb'; linking object as if no debug info
allegro_monolith-static.lib(aatree.obj) : warning LNK4099: PDB 'allegro_monolith.pdb' was not found with 'allegro_monolith-static.lib(aatree.obj)' or at 'C:\Users\Wes\source\repos\Coke\Release\allegro_monolith.pdb'; linking object as if no debug info
allegro_monolith-static.lib(bstrlib.obj) : warning LNK4099: PDB 'allegro_monolith.pdb' was not found with 'allegro_monolith-static.lib(bstrlib.obj)' or at 'C:\Users\Wes\source\repos\Coke\Release\allegro_monolith.pdb'; linking object as if no debug info
allegro_monolith-static.lib(list.obj) : warning LNK4099: PDB 'allegro_monolith.pdb' was not found with 'allegro_monolith-static.lib(list.obj)' or at 'C:\Users\Wes\source\repos\Coke\Release\allegro_monolith.pdb'; linking object as if no debug info
allegro_monolith-static.lib(vector.obj) : warning LNK4099: PDB 'allegro_monolith.pdb' was not found with 'allegro_monolith-static.lib(vector.obj)' or at 'C:\Users\Wes\source\repos\Coke\Release\allegro_monolith.pdb'; linking object as if no debug info
allegro_monolith-static.lib(wclipboard.obj) : warning LNK4099: PDB 'allegro_monolith.pdb' was not found with 'allegro_monolith-static.lib(wclipboard.obj)' or at 'C:\Users\Wes\source\repos\Coke\Release\allegro_monolith.pdb'; linking object as if no debug info
allegro_monolith-static.lib(whapall.obj) : warning LNK4099: PDB 'allegro_monolith.pdb' was not found with 'allegro_monolith-static.lib(whapall.obj)' or at 'C:\Users\Wes\source\repos\Coke\Release\allegro_monolith.pdb'; linking object as if no debug info
allegro_monolith-static.lib(whaptic.obj) : warning LNK4099: PDB 'allegro_monolith.pdb' was not found with 'allegro_monolith-static.lib(whaptic.obj)' or at 'C:\Users\Wes\source\repos\Coke\Release\allegro_monolith.pdb'; linking object as if no debug info
allegro_monolith-static.lib(whapxi.obj) : warning LNK4099: PDB 'allegro_monolith.pdb' was not found with 'allegro_monolith-static.lib(whapxi.obj)' or at 'C:\Users\Wes\source\repos\Coke\Release\allegro_monolith.pdb'; linking object as if no debug info
allegro_monolith-static.lib(wjoyall.obj) : warning LNK4099: PDB 'allegro_monolith.pdb' was not found with 'allegro_monolith-static.lib(wjoyall.obj)' or at 'C:\Users\Wes\source\repos\Coke\Release\allegro_monolith.pdb'; linking object as if no debug info
allegro_monolith-static.lib(wjoydxnu.obj) : warning LNK4099: PDB 'allegro_monolith.pdb' was not found with 'allegro_monolith-static.lib(wjoydxnu.obj)' or at 'C:\Users\Wes\source\repos\Coke\Release\allegro_monolith.pdb'; linking object as if no debug info
allegro_monolith-static.lib(wjoyxi.obj) : warning LNK4099: PDB 'allegro_monolith.pdb' was not found with 'allegro_monolith-static.lib(wjoyxi.obj)' or at 'C:\Users\Wes\source\repos\Coke\Release\allegro_monolith.pdb'; linking object as if no debug info
allegro_monolith-static.lib(wkeyboard.obj) : warning LNK4099: PDB 'allegro_monolith.pdb' was not found with 'allegro_monolith-static.lib(wkeyboard.obj)' or at 'C:\Users\Wes\source\repos\Coke\Release\allegro_monolith.pdb'; linking object as if no debug info
allegro_monolith-static.lib(wmcursor.obj) : warning LNK4099: PDB 'allegro_monolith.pdb' was not found with 'allegro_monolith-static.lib(wmcursor.obj)' or at 'C:\Users\Wes\source\repos\Coke\Release\allegro_monolith.pdb'; linking object as if no debug info
allegro_monolith-static.lib(wmouse.obj) : warning LNK4099: PDB 'allegro_monolith.pdb' was not found with 'allegro_monolith-static.lib(wmouse.obj)' or at 'C:\Users\Wes\source\repos\Coke\Release\allegro_monolith.pdb'; linking object as if no debug info
allegro_monolith-static.lib(wsystem.obj) : warning LNK4099: PDB 'allegro_monolith.pdb' was not found with 'allegro_monolith-static.lib(wsystem.obj)' or at 'C:\Users\Wes\source\repos\Coke\Release\allegro_monolith.pdb'; linking object as if no debug info
allegro_monolith-static.lib(wthread.obj) : warning LNK4099: PDB 'allegro_monolith.pdb' was not found with 'allegro_monolith-static.lib(wthread.obj)' or at 'C:\Users\Wes\source\repos\Coke\Release\allegro_monolith.pdb'; linking object as if no debug info
allegro_monolith-static.lib(wtime.obj) : warning LNK4099: PDB 'allegro_monolith.pdb' was not found with 'allegro_monolith-static.lib(wtime.obj)' or at 'C:\Users\Wes\source\repos\Coke\Release\allegro_monolith.pdb'; linking object as if no debug info
allegro_monolith-static.lib(wtouch_input.obj) : warning LNK4099: PDB 'allegro_monolith.pdb' was not found with 'allegro_monolith-static.lib(wtouch_input.obj)' or at 'C:\Users\Wes\source\repos\Coke\Release\allegro_monolith.pdb'; linking object as if no debug info
allegro_monolith-static.lib(wunicode.obj) : warning LNK4099: PDB 'allegro_monolith.pdb' was not found with 'allegro_monolith-static.lib(wunicode.obj)' or at 'C:\Users\Wes\source\repos\Coke\Release\allegro_monolith.pdb'; linking object as if no debug info
allegro_monolith-static.lib(wwindow.obj) : warning LNK4099: PDB 'allegro_monolith.pdb' was not found with 'allegro_monolith-static.lib(wwindow.obj)' or at 'C:\Users\Wes\source\repos\Coke\Release\allegro_monolith.pdb'; linking object as if no debug info
allegro_monolith-static.lib(wxthread.obj) : warning LNK4099: PDB 'allegro_monolith.pdb' was not found with 'allegro_monolith-static.lib(wxthread.obj)' or at 'C:\Users\Wes\source\repos\Coke\Release\allegro_monolith.pdb'; linking object as if no debug info
allegro_monolith-static.lib(d3d_bmp.obj) : warning LNK4099: PDB 'allegro_monolith.pdb' was not found with 'allegro_monolith-static.lib(d3d_bmp.obj)' or at 'C:\Users\Wes\source\repos\Coke\Release\allegro_monolith.pdb'; linking object as if no debug info
allegro_monolith-static.lib(d3d_disp.obj) : warning LNK4099: PDB 'allegro_monolith.pdb' was not found with 'allegro_monolith-static.lib(d3d_disp.obj)' or at 'C:\Users\Wes\source\repos\Coke\Release\allegro_monolith.pdb'; linking object as if no debug info
allegro_monolith-static.lib(d3d_display_formats.obj) : warning LNK4099: PDB 'allegro_monolith.pdb' was not found with 'allegro_monolith-static.lib(d3d_display_formats.obj)' or at 'C:\Users\Wes\source\repos\Coke\Release\allegro_monolith.pdb'; linking object as if no debug info
allegro_monolith-static.lib(d3d_render_state.obj) : warning LNK4099: PDB 'allegro_monolith.pdb' was not found with 'allegro_monolith-static.lib(d3d_render_state.obj)' or at 'C:\Users\Wes\source\repos\Coke\Release\allegro_monolith.pdb'; linking object as if no debug info
allegro_monolith-static.lib(d3d_shader.obj) : warning LNK4099: PDB 'allegro_monolith.pdb' was not found with 'allegro_monolith-static.lib(d3d_shader.obj)' or at 'C:\Users\Wes\source\repos\Coke\Release\allegro_monolith.pdb'; linking object as if no debug info
allegro_monolith-static.lib(d3d_d3dx9.obj) : warning LNK4099: PDB 'allegro_monolith.pdb' was not found with 'allegro_monolith-static.lib(d3d_d3dx9.obj)' or at 'C:\Users\Wes\source\repos\Coke\Release\allegro_monolith.pdb'; linking object as if no debug info
allegro_monolith-static.lib(extensions.obj) : warning LNK4099: PDB 'allegro_monolith.pdb' was not found with 'allegro_monolith-static.lib(extensions.obj)' or at 'C:\Users\Wes\source\repos\Coke\Release\allegro_monolith.pdb'; linking object as if no debug info
allegro_monolith-static.lib(ogl_bitmap.obj) : warning LNK4099: PDB 'allegro_monolith.pdb' was not found with 'allegro_monolith-static.lib(ogl_bitmap.obj)' or at 'C:\Users\Wes\source\repos\Coke\Release\allegro_monolith.pdb'; linking object as if no debug info
allegro_monolith-static.lib(ogl_display.obj) : warning LNK4099: PDB 'allegro_monolith.pdb' was not found with 'allegro_monolith-static.lib(ogl_display.obj)' or at 'C:\Users\Wes\source\repos\Coke\Release\allegro_monolith.pdb'; linking object as if no debug info
allegro_monolith-static.lib(ogl_draw.obj) : warning LNK4099: PDB 'allegro_monolith.pdb' was not found with 'allegro_monolith-static.lib(ogl_draw.obj)' or at 'C:\Users\Wes\source\repos\Coke\Release\allegro_monolith.pdb'; linking object as if no debug info
allegro_monolith-static.lib(ogl_fbo.obj) : warning LNK4099: PDB 'allegro_monolith.pdb' was not found with 'allegro_monolith-static.lib(ogl_fbo.obj)' or at 'C:\Users\Wes\source\repos\Coke\Release\allegro_monolith.pdb'; linking object as if no debug info
allegro_monolith-static.lib(ogl_lock.obj) : warning LNK4099: PDB 'allegro_monolith.pdb' was not found with 'allegro_monolith-static.lib(ogl_lock.obj)' or at 'C:\Users\Wes\source\repos\Coke\Release\allegro_monolith.pdb'; linking object as if no debug info
allegro_monolith-static.lib(ogl_render_state.obj) : warning LNK4099: PDB 'allegro_monolith.pdb' was not found with 'allegro_monolith-static.lib(ogl_render_state.obj)' or at 'C:\Users\Wes\source\repos\Coke\Release\allegro_monolith.pdb'; linking object as if no debug info
allegro_monolith-static.lib(ogl_shader.obj) : warning LNK4099: PDB 'allegro_monolith.pdb' was not found with 'allegro_monolith-static.lib(ogl_shader.obj)' or at 'C:\Users\Wes\source\repos\Coke\Release\allegro_monolith.pdb'; linking object as if no debug info
allegro_monolith-static.lib(wgl_disp.obj) : warning LNK4099: PDB 'allegro_monolith.pdb' was not found with 'allegro_monolith-static.lib(wgl_disp.obj)' or at 'C:\Users\Wes\source\repos\Coke\Release\allegro_monolith.pdb'; linking object as if no debug info
allegro_monolith-static.lib(high_primitives.obj) : warning LNK4099: PDB 'allegro_monolith.pdb' was not found with 'allegro_monolith-static.lib(high_primitives.obj)' or at 'C:\Users\Wes\source\repos\Coke\Release\allegro_monolith.pdb'; linking object as if no debug info
allegro_monolith-static.lib(line_soft.obj) : warning LNK4099: PDB 'allegro_monolith.pdb' was not found with 'allegro_monolith-static.lib(line_soft.obj)' or at 'C:\Users\Wes\source\repos\Coke\Release\allegro_monolith.pdb'; linking object as if no debug info
allegro_monolith-static.lib(point_soft.obj) : warning LNK4099: PDB 'allegro_monolith.pdb' was not found with 'allegro_monolith-static.lib(point_soft.obj)' or at 'C:\Users\Wes\source\repos\Coke\Release\allegro_monolith.pdb'; linking object as if no debug info
allegro_monolith-static.lib(prim_directx.obj) : warning LNK4099: PDB 'allegro_monolith.pdb' was not found with 'allegro_monolith-static.lib(prim_directx.obj)' or at 'C:\Users\Wes\source\repos\Coke\Release\allegro_monolith.pdb'; linking object as if no debug info
allegro_monolith-static.lib(prim_opengl.obj) : warning LNK4099: PDB 'allegro_monolith.pdb' was not found with 'allegro_monolith-static.lib(prim_opengl.obj)' or at 'C:\Users\Wes\source\repos\Coke\Release\allegro_monolith.pdb'; linking object as if no debug info
allegro_monolith-static.lib(prim_soft.obj) : warning LNK4099: PDB 'allegro_monolith.pdb' was not found with 'allegro_monolith-static.lib(prim_soft.obj)' or at 'C:\Users\Wes\source\repos\Coke\Release\allegro_monolith.pdb'; linking object as if no debug info
allegro_monolith-static.lib(primitives.obj) : warning LNK4099: PDB 'allegro_monolith.pdb' was not found with 'allegro_monolith-static.lib(primitives.obj)' or at 'C:\Users\Wes\source\repos\Coke\Release\allegro_monolith.pdb'; linking object as if no debug info
allegro_monolith-static.lib(directx_shaders.obj) : warning LNK4099: PDB 'allegro_monolith.pdb' was not found with 'allegro_monolith-static.lib(directx_shaders.obj)' or at 'C:\Users\Wes\source\repos\Coke\Release\allegro_monolith.pdb'; linking object as if no debug info
allegro_monolith-static.lib(bmp.obj) : warning LNK4099: PDB 'allegro_monolith.pdb' was not found with 'allegro_monolith-static.lib(bmp.obj)' or at 'C:\Users\Wes\source\repos\Coke\Release\allegro_monolith.pdb'; linking object as if no debug info
allegro_monolith-static.lib(iio.obj) : warning LNK4099: PDB 'allegro_monolith.pdb' was not found with 'allegro_monolith-static.lib(iio.obj)' or at 'C:\Users\Wes\source\repos\Coke\Release\allegro_monolith.pdb'; linking object as if no debug info
allegro_monolith-static.lib(pcx.obj) : warning LNK4099: PDB 'allegro_monolith.pdb' was not found with 'allegro_monolith-static.lib(pcx.obj)' or at 'C:\Users\Wes\source\repos\Coke\Release\allegro_monolith.pdb'; linking object as if no debug info
allegro_monolith-static.lib(tga.obj) : warning LNK4099: PDB 'allegro_monolith.pdb' was not found with 'allegro_monolith-static.lib(tga.obj)' or at 'C:\Users\Wes\source\repos\Coke\Release\allegro_monolith.pdb'; linking object as if no debug info
allegro_monolith-static.lib(dds.obj) : warning LNK4099: PDB 'allegro_monolith.pdb' was not found with 'allegro_monolith-static.lib(dds.obj)' or at 'C:\Users\Wes\source\repos\Coke\Release\allegro_monolith.pdb'; linking object as if no debug info
allegro_monolith-static.lib(identify.obj) : warning LNK4099: PDB 'allegro_monolith.pdb' was not found with 'allegro_monolith-static.lib(identify.obj)' or at 'C:\Users\Wes\source\repos\Coke\Release\allegro_monolith.pdb'; linking object as if no debug info
allegro_monolith-static.lib(png.obj) : warning LNK4099: PDB 'allegro_monolith.pdb' was not found with 'allegro_monolith-static.lib(png.obj)' or at 'C:\Users\Wes\source\repos\Coke\Release\allegro_monolith.pdb'; linking object as if no debug info
allegro_monolith-static.lib(jpg.obj) : warning LNK4099: PDB 'allegro_monolith.pdb' was not found with 'allegro_monolith-static.lib(jpg.obj)' or at 'C:\Users\Wes\source\repos\Coke\Release\allegro_monolith.pdb'; linking object as if no debug info
allegro_monolith-static.lib(webp.obj) : warning LNK4099: PDB 'allegro_monolith.pdb' was not found with 'allegro_monolith-static.lib(webp.obj)' or at 'C:\Users\Wes\source\repos\Coke\Release\allegro_monolith.pdb'; linking object as if no debug info
allegro_monolith-static.lib(font.obj) : warning LNK4099: PDB 'allegro_monolith.pdb' was not found with 'allegro_monolith-static.lib(font.obj)' or at 'C:\Users\Wes\source\repos\Coke\Release\allegro_monolith.pdb'; linking object as if no debug info
allegro_monolith-static.lib(fontbmp.obj) : warning LNK4099: PDB 'allegro_monolith.pdb' was not found with 'allegro_monolith-static.lib(fontbmp.obj)' or at 'C:\Users\Wes\source\repos\Coke\Release\allegro_monolith.pdb'; linking object as if no debug info
allegro_monolith-static.lib(text.obj) : warning LNK4099: PDB 'allegro_monolith.pdb' was not found with 'allegro_monolith-static.lib(text.obj)' or at 'C:\Users\Wes\source\repos\Coke\Release\allegro_monolith.pdb'; linking object as if no debug info
allegro_monolith-static.lib(bmfont.obj) : warning LNK4099: PDB 'allegro_monolith.pdb' was not found with 'allegro_monolith-static.lib(bmfont.obj)' or at 'C:\Users\Wes\source\repos\Coke\Release\allegro_monolith.pdb'; linking object as if no debug info
allegro_monolith-static.lib(xml.obj) : warning LNK4099: PDB 'allegro_monolith.pdb' was not found with 'allegro_monolith-static.lib(xml.obj)' or at 'C:\Users\Wes\source\repos\Coke\Release\allegro_monolith.pdb'; linking object as if no debug info
allegro_monolith-static.lib(ttf.obj) : warning LNK4099: PDB 'allegro_monolith.pdb' was not found with 'allegro_monolith-static.lib(ttf.obj)' or at 'C:\Users\Wes\source\repos\Coke\Release\allegro_monolith.pdb'; linking object as if no debug info
allegro_monolith-static.lib(memfile.obj) : warning LNK4099: PDB 'allegro_monolith.pdb' was not found with 'allegro_monolith-static.lib(memfile.obj)' or at 'C:\Users\Wes\source\repos\Coke\Release\allegro_monolith.pdb'; linking object as if no debug info
jpeg.lib(jcapimin.obj) : warning LNK4099: PDB 'jpeg-static.pdb' was not found with 'jpeg.lib(jcapimin.obj)' or at 'C:\Users\Wes\source\repos\Coke\Release\jpeg-static.pdb'; linking object as if no debug info
jpeg.lib(jcapistd.obj) : warning LNK4099: PDB 'jpeg-static.pdb' was not found with 'jpeg.lib(jcapistd.obj)' or at 'C:\Users\Wes\source\repos\Coke\Release\jpeg-static.pdb'; linking object as if no debug info
jpeg.lib(jccoefct.obj) : warning LNK4099: PDB 'jpeg-static.pdb' was not found with 'jpeg.lib(jccoefct.obj)' or at 'C:\Users\Wes\source\repos\Coke\Release\jpeg-static.pdb'; linking object as if no debug info
jpeg.lib(jccolor.obj) : warning LNK4099: PDB 'jpeg-static.pdb' was not found with 'jpeg.lib(jccolor.obj)' or at 'C:\Users\Wes\source\repos\Coke\Release\jpeg-static.pdb'; linking object as if no debug info
jpeg.lib(jcdctmgr.obj) : warning LNK4099: PDB 'jpeg-static.pdb' was not found with 'jpeg.lib(jcdctmgr.obj)' or at 'C:\Users\Wes\source\repos\Coke\Release\jpeg-static.pdb'; linking object as if no debug info
jpeg.lib(jchuff.obj) : warning LNK4099: PDB 'jpeg-static.pdb' was not found with 'jpeg.lib(jchuff.obj)' or at 'C:\Users\Wes\source\repos\Coke\Release\jpeg-static.pdb'; linking object as if no debug info
jpeg.lib(jcinit.obj) : warning LNK4099: PDB 'jpeg-static.pdb' was not found with 'jpeg.lib(jcinit.obj)' or at 'C:\Users\Wes\source\repos\Coke\Release\jpeg-static.pdb'; linking object as if no debug info
jpeg.lib(jcmainct.obj) : warning LNK4099: PDB 'jpeg-static.pdb' was not found with 'jpeg.lib(jcmainct.obj)' or at 'C:\Users\Wes\source\repos\Coke\Release\jpeg-static.pdb'; linking object as if no debug info
jpeg.lib(jcmarker.obj) : warning LNK4099: PDB 'jpeg-static.pdb' was not found with 'jpeg.lib(jcmarker.obj)' or at 'C:\Users\Wes\source\repos\Coke\Release\jpeg-static.pdb'; linking object as if no debug info
jpeg.lib(jcmaster.obj) : warning LNK4099: PDB 'jpeg-static.pdb' was not found with 'jpeg.lib(jcmaster.obj)' or at 'C:\Users\Wes\source\repos\Coke\Release\jpeg-static.pdb'; linking object as if no debug info
jpeg.lib(jcomapi.obj) : warning LNK4099: PDB 'jpeg-static.pdb' was not found with 'jpeg.lib(jcomapi.obj)' or at 'C:\Users\Wes\source\repos\Coke\Release\jpeg-static.pdb'; linking object as if no debug info
jpeg.lib(jcparam.obj) : warning LNK4099: PDB 'jpeg-static.pdb' was not found with 'jpeg.lib(jcparam.obj)' or at 'C:\Users\Wes\source\repos\Coke\Release\jpeg-static.pdb'; linking object as if no debug info
jpeg.lib(jcphuff.obj) : warning LNK4099: PDB 'jpeg-static.pdb' was not found with 'jpeg.lib(jcphuff.obj)' or at 'C:\Users\Wes\source\repos\Coke\Release\jpeg-static.pdb'; linking object as if no debug info
jpeg.lib(jcprepct.obj) : warning LNK4099: PDB 'jpeg-static.pdb' was not found with 'jpeg.lib(jcprepct.obj)' or at 'C:\Users\Wes\source\repos\Coke\Release\jpeg-static.pdb'; linking object as if no debug info
jpeg.lib(jcsample.obj) : warning LNK4099: PDB 'jpeg-static.pdb' was not found with 'jpeg.lib(jcsample.obj)' or at 'C:\Users\Wes\source\repos\Coke\Release\jpeg-static.pdb'; linking object as if no debug info
jpeg.lib(jdapimin.obj) : warning LNK4099: PDB 'jpeg-static.pdb' was not found with 'jpeg.lib(jdapimin.obj)' or at 'C:\Users\Wes\source\repos\Coke\Release\jpeg-static.pdb'; linking object as if no debug info
jpeg.lib(jdapistd.obj) : warning LNK4099: PDB 'jpeg-static.pdb' was not found with 'jpeg.lib(jdapistd.obj)' or at 'C:\Users\Wes\source\repos\Coke\Release\jpeg-static.pdb'; linking object as if no debug info
jpeg.lib(jdcoefct.obj) : warning LNK4099: PDB 'jpeg-static.pdb' was not found with 'jpeg.lib(jdcoefct.obj)' or at 'C:\Users\Wes\source\repos\Coke\Release\jpeg-static.pdb'; linking object as if no debug info
jpeg.lib(jdcolor.obj) : warning LNK4099: PDB 'jpeg-static.pdb' was not found with 'jpeg.lib(jdcolor.obj)' or at 'C:\Users\Wes\source\repos\Coke\Release\jpeg-static.pdb'; linking object as if no debug info
jpeg.lib(jddctmgr.obj) : warning LNK4099: PDB 'jpeg-static.pdb' was not found with 'jpeg.lib(jddctmgr.obj)' or at 'C:\Users\Wes\source\repos\Coke\Release\jpeg-static.pdb'; linking object as if no debug info
jpeg.lib(jdhuff.obj) : warning LNK4099: PDB 'jpeg-static.pdb' was not found with 'jpeg.lib(jdhuff.obj)' or at 'C:\Users\Wes\source\repos\Coke\Release\jpeg-static.pdb'; linking object as if no debug info
jpeg.lib(jdinput.obj) : warning LNK4099: PDB 'jpeg-static.pdb' was not found with 'jpeg.lib(jdinput.obj)' or at 'C:\Users\Wes\source\repos\Coke\Release\jpeg-static.pdb'; linking object as if no debug info
jpeg.lib(jdmainct.obj) : warning LNK4099: PDB 'jpeg-static.pdb' was not found with 'jpeg.lib(jdmainct.obj)' or at 'C:\Users\Wes\source\repos\Coke\Release\jpeg-static.pdb'; linking object as if no debug info
jpeg.lib(jdmarker.obj) : warning LNK4099: PDB 'jpeg-static.pdb' was not found with 'jpeg.lib(jdmarker.obj)' or at 'C:\Users\Wes\source\repos\Coke\Release\jpeg-static.pdb'; linking object as if no debug info
jpeg.lib(jdmaster.obj) : warning LNK4099: PDB 'jpeg-static.pdb' was not found with 'jpeg.lib(jdmaster.obj)' or at 'C:\Users\Wes\source\repos\Coke\Release\jpeg-static.pdb'; linking object as if no debug info
jpeg.lib(jdmerge.obj) : warning LNK4099: PDB 'jpeg-static.pdb' was not found with 'jpeg.lib(jdmerge.obj)' or at 'C:\Users\Wes\source\repos\Coke\Release\jpeg-static.pdb'; linking object as if no debug info
jpeg.lib(jdphuff.obj) : warning LNK4099: PDB 'jpeg-static.pdb' was not found with 'jpeg.lib(jdphuff.obj)' or at 'C:\Users\Wes\source\repos\Coke\Release\jpeg-static.pdb'; linking object as if no debug info
jpeg.lib(jdpostct.obj) : warning LNK4099: PDB 'jpeg-static.pdb' was not found with 'jpeg.lib(jdpostct.obj)' or at 'C:\Users\Wes\source\repos\Coke\Release\jpeg-static.pdb'; linking object as if no debug info
jpeg.lib(jdsample.obj) : warning LNK4099: PDB 'jpeg-static.pdb' was not found with 'jpeg.lib(jdsample.obj)' or at 'C:\Users\Wes\source\repos\Coke\Release\jpeg-static.pdb'; linking object as if no debug info
jpeg.lib(jerror.obj) : warning LNK4099: PDB 'jpeg-static.pdb' was not found with 'jpeg.lib(jerror.obj)' or at 'C:\Users\Wes\source\repos\Coke\Release\jpeg-static.pdb'; linking object as if no debug info
jpeg.lib(jfdctflt.obj) : warning LNK4099: PDB 'jpeg-static.pdb' was not found with 'jpeg.lib(jfdctflt.obj)' or at 'C:\Users\Wes\source\repos\Coke\Release\jpeg-static.pdb'; linking object as if no debug info
jpeg.lib(jfdctfst.obj) : warning LNK4099: PDB 'jpeg-static.pdb' was not found with 'jpeg.lib(jfdctfst.obj)' or at 'C:\Users\Wes\source\repos\Coke\Release\jpeg-static.pdb'; linking object as if no debug info
jpeg.lib(jfdctint.obj) : warning LNK4099: PDB 'jpeg-static.pdb' was not found with 'jpeg.lib(jfdctint.obj)' or at 'C:\Users\Wes\source\repos\Coke\Release\jpeg-static.pdb'; linking object as if no debug info
jpeg.lib(jidctflt.obj) : warning LNK4099: PDB 'jpeg-static.pdb' was not found with 'jpeg.lib(jidctflt.obj)' or at 'C:\Users\Wes\source\repos\Coke\Release\jpeg-static.pdb'; linking object as if no debug info
jpeg.lib(jidctfst.obj) : warning LNK4099: PDB 'jpeg-static.pdb' was not found with 'jpeg.lib(jidctfst.obj)' or at 'C:\Users\Wes\source\repos\Coke\Release\jpeg-static.pdb'; linking object as if no debug info
jpeg.lib(jidctint.obj) : warning LNK4099: PDB 'jpeg-static.pdb' was not found with 'jpeg.lib(jidctint.obj)' or at 'C:\Users\Wes\source\repos\Coke\Release\jpeg-static.pdb'; linking object as if no debug info
jpeg.lib(jidctred.obj) : warning LNK4099: PDB 'jpeg-static.pdb' was not found with 'jpeg.lib(jidctred.obj)' or at 'C:\Users\Wes\source\repos\Coke\Release\jpeg-static.pdb'; linking object as if no debug info
jpeg.lib(jquant1.obj) : warning LNK4099: PDB 'jpeg-static.pdb' was not found with 'jpeg.lib(jquant1.obj)' or at 'C:\Users\Wes\source\repos\Coke\Release\jpeg-static.pdb'; linking object as if no debug info
jpeg.lib(jquant2.obj) : warning LNK4099: PDB 'jpeg-static.pdb' was not found with 'jpeg.lib(jquant2.obj)' or at 'C:\Users\Wes\source\repos\Coke\Release\jpeg-static.pdb'; linking object as if no debug info
jpeg.lib(jutils.obj) : warning LNK4099: PDB 'jpeg-static.pdb' was not found with 'jpeg.lib(jutils.obj)' or at 'C:\Users\Wes\source\repos\Coke\Release\jpeg-static.pdb'; linking object as if no debug info
jpeg.lib(jmemmgr.obj) : warning LNK4099: PDB 'jpeg-static.pdb' was not found with 'jpeg.lib(jmemmgr.obj)' or at 'C:\Users\Wes\source\repos\Coke\Release\jpeg-static.pdb'; linking object as if no debug info
jpeg.lib(jmemnobs.obj) : warning LNK4099: PDB 'jpeg-static.pdb' was not found with 'jpeg.lib(jmemnobs.obj)' or at 'C:\Users\Wes\source\repos\Coke\Release\jpeg-static.pdb'; linking object as if no debug info
jpeg.lib(jaricom.obj) : warning LNK4099: PDB 'jpeg-static.pdb' was not found with 'jpeg.lib(jaricom.obj)' or at 'C:\Users\Wes\source\repos\Coke\Release\jpeg-static.pdb'; linking object as if no debug info
jpeg.lib(jcarith.obj) : warning LNK4099: PDB 'jpeg-static.pdb' was not found with 'jpeg.lib(jcarith.obj)' or at 'C:\Users\Wes\source\repos\Coke\Release\jpeg-static.pdb'; linking object as if no debug info
jpeg.lib(jdarith.obj) : warning LNK4099: PDB 'jpeg-static.pdb' was not found with 'jpeg.lib(jdarith.obj)' or at 'C:\Users\Wes\source\repos\Coke\Release\jpeg-static.pdb'; linking object as if no debug info
jpeg.lib(jsimd.obj) : warning LNK4099: PDB 'simd.pdb' was not found with 'jpeg.lib(jsimd.obj)' or at 'C:\Users\Wes\source\repos\Coke\Release\simd.pdb'; linking object as if no debug info
libpng16.lib(png.obj) : warning LNK4099: PDB 'png_static.pdb' was not found with 'libpng16.lib(png.obj)' or at 'C:\Users\Wes\source\repos\Coke\Release\png_static.pdb'; linking object as if no debug info
libpng16.lib(pngerror.obj) : warning LNK4099: PDB 'png_static.pdb' was not found with 'libpng16.lib(pngerror.obj)' or at 'C:\Users\Wes\source\repos\Coke\Release\png_static.pdb'; linking object as if no debug info
libpng16.lib(pngget.obj) : warning LNK4099: PDB 'png_static.pdb' was not found with 'libpng16.lib(pngget.obj)' or at 'C:\Users\Wes\source\repos\Coke\Release\png_static.pdb'; linking object as if no debug info
libpng16.lib(pngmem.obj) : warning LNK4099: PDB 'png_static.pdb' was not found with 'libpng16.lib(pngmem.obj)' or at 'C:\Users\Wes\source\repos\Coke\Release\png_static.pdb'; linking object as if no debug info
libpng16.lib(pngread.obj) : warning LNK4099: PDB 'png_static.pdb' was not found with 'libpng16.lib(pngread.obj)' or at 'C:\Users\Wes\source\repos\Coke\Release\png_static.pdb'; linking object as if no debug info
libpng16.lib(pngrio.obj) : warning LNK4099: PDB 'png_static.pdb' was not found with 'libpng16.lib(pngrio.obj)' or at 'C:\Users\Wes\source\repos\Coke\Release\png_static.pdb'; linking object as if no debug info
libpng16.lib(pngrtran.obj) : warning LNK4099: PDB 'png_static.pdb' was not found with 'libpng16.lib(pngrtran.obj)' or at 'C:\Users\Wes\source\repos\Coke\Release\png_static.pdb'; linking object as if no debug info
libpng16.lib(pngrutil.obj) : warning LNK4099: PDB 'png_static.pdb' was not found with 'libpng16.lib(pngrutil.obj)' or at 'C:\Users\Wes\source\repos\Coke\Release\png_static.pdb'; linking object as if no debug info
libpng16.lib(pngset.obj) : warning LNK4099: PDB 'png_static.pdb' was not found with 'libpng16.lib(pngset.obj)' or at 'C:\Users\Wes\source\repos\Coke\Release\png_static.pdb'; linking object as if no debug info
libpng16.lib(pngtrans.obj) : warning LNK4099: PDB 'png_static.pdb' was not found with 'libpng16.lib(pngtrans.obj)' or at 'C:\Users\Wes\source\repos\Coke\Release\png_static.pdb'; linking object as if no debug info
libpng16.lib(pngwio.obj) : warning LNK4099: PDB 'png_static.pdb' was not found with 'libpng16.lib(pngwio.obj)' or at 'C:\Users\Wes\source\repos\Coke\Release\png_static.pdb'; linking object as if no debug info
libpng16.lib(pngwrite.obj) : warning LNK4099: PDB 'png_static.pdb' was not found with 'libpng16.lib(pngwrite.obj)' or at 'C:\Users\Wes\source\repos\Coke\Release\png_static.pdb'; linking object as if no debug info
libpng16.lib(pngwtran.obj) : warning LNK4099: PDB 'png_static.pdb' was not found with 'libpng16.lib(pngwtran.obj)' or at 'C:\Users\Wes\source\repos\Coke\Release\png_static.pdb'; linking object as if no debug info
libpng16.lib(pngwutil.obj) : warning LNK4099: PDB 'png_static.pdb' was not found with 'libpng16.lib(pngwutil.obj)' or at 'C:\Users\Wes\source\repos\Coke\Release\png_static.pdb'; linking object as if no debug info
zlib.lib(adler32.obj) : warning LNK4099: PDB 'zlib.pdb' was not found with 'zlib.lib(adler32.obj)' or at 'C:\Users\Wes\source\repos\Coke\Release\zlib.pdb'; linking object as if no debug info
zlib.lib(crc32.obj) : warning LNK4099: PDB 'zlib.pdb' was not found with 'zlib.lib(crc32.obj)' or at 'C:\Users\Wes\source\repos\Coke\Release\zlib.pdb'; linking object as if no debug info
zlib.lib(deflate.obj) : warning LNK4099: PDB 'zlib.pdb' was not found with 'zlib.lib(deflate.obj)' or at 'C:\Users\Wes\source\repos\Coke\Release\zlib.pdb'; linking object as if no debug info
zlib.lib(inflate.obj) : warning LNK4099: PDB 'zlib.pdb' was not found with 'zlib.lib(inflate.obj)' or at 'C:\Users\Wes\source\repos\Coke\Release\zlib.pdb'; linking object as if no debug info
zlib.lib(inftrees.obj) : warning LNK4099: PDB 'zlib.pdb' was not found with 'zlib.lib(inftrees.obj)' or at 'C:\Users\Wes\source\repos\Coke\Release\zlib.pdb'; linking object as if no debug info
zlib.lib(inffast.obj) : warning LNK4099: PDB 'zlib.pdb' was not found with 'zlib.lib(inffast.obj)' or at 'C:\Users\Wes\source\repos\Coke\Release\zlib.pdb'; linking object as if no debug info
zlib.lib(trees.obj) : warning LNK4099: PDB 'zlib.pdb' was not found with 'zlib.lib(trees.obj)' or at 'C:\Users\Wes\source\repos\Coke\Release\zlib.pdb'; linking object as if no debug info
zlib.lib(zutil.obj) : warning LNK4099: PDB 'zlib.pdb' was not found with 'zlib.lib(zutil.obj)' or at 'C:\Users\Wes\source\repos\Coke\Release\zlib.pdb'; linking object as if no debug info
webp.lib(alpha_dec.obj) : warning LNK4099: PDB 'webpdecode.pdb' was not found with 'webp.lib(alpha_dec.obj)' or at 'C:\Users\Wes\source\repos\Coke\Release\webpdecode.pdb'; linking object as if no debug info
webp.lib(buffer_dec.obj) : warning LNK4099: PDB 'webpdecode.pdb' was not found with 'webp.lib(buffer_dec.obj)' or at 'C:\Users\Wes\source\repos\Coke\Release\webpdecode.pdb'; linking object as if no debug info
webp.lib(frame_dec.obj) : warning LNK4099: PDB 'webpdecode.pdb' was not found with 'webp.lib(frame_dec.obj)' or at 'C:\Users\Wes\source\repos\Coke\Release\webpdecode.pdb'; linking object as if no debug info
webp.lib(io_dec.obj) : warning LNK4099: PDB 'webpdecode.pdb' was not found with 'webp.lib(io_dec.obj)' or at 'C:\Users\Wes\source\repos\Coke\Release\webpdecode.pdb'; linking object as if no debug info
webp.lib(quant_dec.obj) : warning LNK4099: PDB 'webpdecode.pdb' was not found with 'webp.lib(quant_dec.obj)' or at 'C:\Users\Wes\source\repos\Coke\Release\webpdecode.pdb'; linking object as if no debug info
webp.lib(tree_dec.obj) : warning LNK4099: PDB 'webpdecode.pdb' was not found with 'webp.lib(tree_dec.obj)' or at 'C:\Users\Wes\source\repos\Coke\Release\webpdecode.pdb'; linking object as if no debug info
webp.lib(vp8_dec.obj) : warning LNK4099: PDB 'webpdecode.pdb' was not found with 'webp.lib(vp8_dec.obj)' or at 'C:\Users\Wes\source\repos\Coke\Release\webpdecode.pdb'; linking object as if no debug info
webp.lib(vp8l_dec.obj) : warning LNK4099: PDB 'webpdecode.pdb' was not found with 'webp.lib(vp8l_dec.obj)' or at 'C:\Users\Wes\source\repos\Coke\Release\webpdecode.pdb'; linking object as if no debug info
webp.lib(webp_dec.obj) : warning LNK4099: PDB 'webpdecode.pdb' was not found with 'webp.lib(webp_dec.obj)' or at 'C:\Users\Wes\source\repos\Coke\Release\webpdecode.pdb'; linking object as if no debug info
webp.lib(alpha_processing.obj) : warning LNK4099: PDB 'webpdsp.pdb' was not found with 'webp.lib(alpha_processing.obj)' or at 'C:\Users\Wes\source\repos\Coke\Release\webpdsp.pdb'; linking object as if no debug info
webp.lib(cpu.obj) : warning LNK4099: PDB 'webpdsp.pdb' was not found with 'webp.lib(cpu.obj)' or at 'C:\Users\Wes\source\repos\Coke\Release\webpdsp.pdb'; linking object as if no debug info
webp.lib(dec.obj) : warning LNK4099: PDB 'webpdsp.pdb' was not found with 'webp.lib(dec.obj)' or at 'C:\Users\Wes\source\repos\Coke\Release\webpdsp.pdb'; linking object as if no debug info
webp.lib(dec_clip_tables.obj) : warning LNK4099: PDB 'webpdsp.pdb' was not found with 'webp.lib(dec_clip_tables.obj)' or at 'C:\Users\Wes\source\repos\Coke\Release\webpdsp.pdb'; linking object as if no debug info
webp.lib(filters.obj) : warning LNK4099: PDB 'webpdsp.pdb' was not found with 'webp.lib(filters.obj)' or at 'C:\Users\Wes\source\repos\Coke\Release\webpdsp.pdb'; linking object as if no debug info
webp.lib(lossless.obj) : warning LNK4099: PDB 'webpdsp.pdb' was not found with 'webp.lib(lossless.obj)' or at 'C:\Users\Wes\source\repos\Coke\Release\webpdsp.pdb'; linking object as if no debug info
webp.lib(rescaler.obj) : warning LNK4099: PDB 'webpdsp.pdb' was not found with 'webp.lib(rescaler.obj)' or at 'C:\Users\Wes\source\repos\Coke\Release\webpdsp.pdb'; linking object as if no debug info
webp.lib(upsampling.obj) : warning LNK4099: PDB 'webpdsp.pdb' was not found with 'webp.lib(upsampling.obj)' or at 'C:\Users\Wes\source\repos\Coke\Release\webpdsp.pdb'; linking object as if no debug info
webp.lib(yuv.obj) : warning LNK4099: PDB 'webpdsp.pdb' was not found with 'webp.lib(yuv.obj)' or at 'C:\Users\Wes\source\repos\Coke\Release\webpdsp.pdb'; linking object as if no debug info
webp.lib(alpha_processing_sse41.obj) : warning LNK4099: PDB 'webpdsp.pdb' was not found with 'webp.lib(alpha_processing_sse41.obj)' or at 'C:\Users\Wes\source\repos\Coke\Release\webpdsp.pdb'; linking object as if no debug info
webp.lib(dec_sse41.obj) : warning LNK4099: PDB 'webpdsp.pdb' was not found with 'webp.lib(dec_sse41.obj)' or at 'C:\Users\Wes\source\repos\Coke\Release\webpdsp.pdb'; linking object as if no debug info
webp.lib(upsampling_sse41.obj) : warning LNK4099: PDB 'webpdsp.pdb' was not found with 'webp.lib(upsampling_sse41.obj)' or at 'C:\Users\Wes\source\repos\Coke\Release\webpdsp.pdb'; linking object as if no debug info
webp.lib(yuv_sse41.obj) : warning LNK4099: PDB 'webpdsp.pdb' was not found with 'webp.lib(yuv_sse41.obj)' or at 'C:\Users\Wes\source\repos\Coke\Release\webpdsp.pdb'; linking object as if no debug info
webp.lib(alpha_processing_sse2.obj) : warning LNK4099: PDB 'webpdsp.pdb' was not found with 'webp.lib(alpha_processing_sse2.obj)' or at 'C:\Users\Wes\source\repos\Coke\Release\webpdsp.pdb'; linking object as if no debug info
webp.lib(dec_sse2.obj) : warning LNK4099: PDB 'webpdsp.pdb' was not found with 'webp.lib(dec_sse2.obj)' or at 'C:\Users\Wes\source\repos\Coke\Release\webpdsp.pdb'; linking object as if no debug info
webp.lib(filters_sse2.obj) : warning LNK4099: PDB 'webpdsp.pdb' was not found with 'webp.lib(filters_sse2.obj)' or at 'C:\Users\Wes\source\repos\Coke\Release\webpdsp.pdb'; linking object as if no debug info
webp.lib(lossless_sse2.obj) : warning LNK4099: PDB 'webpdsp.pdb' was not found with 'webp.lib(lossless_sse2.obj)' or at 'C:\Users\Wes\source\repos\Coke\Release\webpdsp.pdb'; linking object as if no debug info
webp.lib(rescaler_sse2.obj) : warning LNK4099: PDB 'webpdsp.pdb' was not found with 'webp.lib(rescaler_sse2.obj)' or at 'C:\Users\Wes\source\repos\Coke\Release\webpdsp.pdb'; linking object as if no debug info
webp.lib(upsampling_sse2.obj) : warning LNK4099: PDB 'webpdsp.pdb' was not found with 'webp.lib(upsampling_sse2.obj)' or at 'C:\Users\Wes\source\repos\Coke\Release\webpdsp.pdb'; linking object as if no debug info
webp.lib(yuv_sse2.obj) : warning LNK4099: PDB 'webpdsp.pdb' was not found with 'webp.lib(yuv_sse2.obj)' or at 'C:\Users\Wes\source\repos\Coke\Release\webpdsp.pdb'; linking object as if no debug info
webp.lib(cost.obj) : warning LNK4099: PDB 'webpdsp.pdb' was not found with 'webp.lib(cost.obj)' or at 'C:\Users\Wes\source\repos\Coke\Release\webpdsp.pdb'; linking object as if no debug info
webp.lib(enc.obj) : warning LNK4099: PDB 'webpdsp.pdb' was not found with 'webp.lib(enc.obj)' or at 'C:\Users\Wes\source\repos\Coke\Release\webpdsp.pdb'; linking object as if no debug info
webp.lib(lossless_enc.obj) : warning LNK4099: PDB 'webpdsp.pdb' was not found with 'webp.lib(lossless_enc.obj)' or at 'C:\Users\Wes\source\repos\Coke\Release\webpdsp.pdb'; linking object as if no debug info
webp.lib(ssim.obj) : warning LNK4099: PDB 'webpdsp.pdb' was not found with 'webp.lib(ssim.obj)' or at 'C:\Users\Wes\source\repos\Coke\Release\webpdsp.pdb'; linking object as if no debug info
webp.lib(cost_sse2.obj) : warning LNK4099: PDB 'webpdsp.pdb' was not found with 'webp.lib(cost_sse2.obj)' or at 'C:\Users\Wes\source\repos\Coke\Release\webpdsp.pdb'; linking object as if no debug info
webp.lib(enc_sse2.obj) : warning LNK4099: PDB 'webpdsp.pdb' was not found with 'webp.lib(enc_sse2.obj)' or at 'C:\Users\Wes\source\repos\Coke\Release\webpdsp.pdb'; linking object as if no debug info
webp.lib(lossless_enc_sse2.obj) : warning LNK4099: PDB 'webpdsp.pdb' was not found with 'webp.lib(lossless_enc_sse2.obj)' or at 'C:\Users\Wes\source\repos\Coke\Release\webpdsp.pdb'; linking object as if no debug info
webp.lib(ssim_sse2.obj) : warning LNK4099: PDB 'webpdsp.pdb' was not found with 'webp.lib(ssim_sse2.obj)' or at 'C:\Users\Wes\source\repos\Coke\Release\webpdsp.pdb'; linking object as if no debug info
webp.lib(enc_sse41.obj) : warning LNK4099: PDB 'webpdsp.pdb' was not found with 'webp.lib(enc_sse41.obj)' or at 'C:\Users\Wes\source\repos\Coke\Release\webpdsp.pdb'; linking object as if no debug info
webp.lib(lossless_enc_sse41.obj) : warning LNK4099: PDB 'webpdsp.pdb' was not found with 'webp.lib(lossless_enc_sse41.obj)' or at 'C:\Users\Wes\source\repos\Coke\Release\webpdsp.pdb'; linking object as if no debug info
webp.lib(alpha_enc.obj) : warning LNK4099: PDB 'webpencode.pdb' was not found with 'webp.lib(alpha_enc.obj)' or at 'C:\Users\Wes\source\repos\Coke\Release\webpencode.pdb'; linking object as if no debug info
webp.lib(analysis_enc.obj) : warning LNK4099: PDB 'webpencode.pdb' was not found with 'webp.lib(analysis_enc.obj)' or at 'C:\Users\Wes\source\repos\Coke\Release\webpencode.pdb'; linking object as if no debug info
webp.lib(backward_references_cost_enc.obj) : warning LNK4099: PDB 'webpencode.pdb' was not found with 'webp.lib(backward_references_cost_enc.obj)' or at 'C:\Users\Wes\source\repos\Coke\Release\webpencode.pdb'; linking object as if no debug info
webp.lib(backward_references_enc.obj) : warning LNK4099: PDB 'webpencode.pdb' was not found with 'webp.lib(backward_references_enc.obj)' or at 'C:\Users\Wes\source\repos\Coke\Release\webpencode.pdb'; linking object as if no debug info
webp.lib(config_enc.obj) : warning LNK4099: PDB 'webpencode.pdb' was not found with 'webp.lib(config_enc.obj)' or at 'C:\Users\Wes\source\repos\Coke\Release\webpencode.pdb'; linking object as if no debug info
webp.lib(cost_enc.obj) : warning LNK4099: PDB 'webpencode.pdb' was not found with 'webp.lib(cost_enc.obj)' or at 'C:\Users\Wes\source\repos\Coke\Release\webpencode.pdb'; linking object as if no debug info
webp.lib(filter_enc.obj) : warning LNK4099: PDB 'webpencode.pdb' was not found with 'webp.lib(filter_enc.obj)' or at 'C:\Users\Wes\source\repos\Coke\Release\webpencode.pdb'; linking object as if no debug info
webp.lib(frame_enc.obj) : warning LNK4099: PDB 'webpencode.pdb' was not found with 'webp.lib(frame_enc.obj)' or at 'C:\Users\Wes\source\repos\Coke\Release\webpencode.pdb'; linking object as if no debug info
webp.lib(histogram_enc.obj) : warning LNK4099: PDB 'webpencode.pdb' was not found with 'webp.lib(histogram_enc.obj)' or at 'C:\Users\Wes\source\repos\Coke\Release\webpencode.pdb'; linking object as if no debug info
webp.lib(iterator_enc.obj) : warning LNK4099: PDB 'webpencode.pdb' was not found with 'webp.lib(iterator_enc.obj)' or at 'C:\Users\Wes\source\repos\Coke\Release\webpencode.pdb'; linking object as if no debug info
webp.lib(near_lossless_enc.obj) : warning LNK4099: PDB 'webpencode.pdb' was not found with 'webp.lib(near_lossless_enc.obj)' or at 'C:\Users\Wes\source\repos\Coke\Release\webpencode.pdb'; linking object as if no debug info
webp.lib(picture_enc.obj) : warning LNK4099: PDB 'webpencode.pdb' was not found with 'webp.lib(picture_enc.obj)' or at 'C:\Users\Wes\source\repos\Coke\Release\webpencode.pdb'; linking object as if no debug info
webp.lib(picture_csp_enc.obj) : warning LNK4099: PDB 'webpencode.pdb' was not found with 'webp.lib(picture_csp_enc.obj)' or at 'C:\Users\Wes\source\repos\Coke\Release\webpencode.pdb'; linking object as if no debug info
webp.lib(picture_tools_enc.obj) : warning LNK4099: PDB 'webpencode.pdb' was not found with 'webp.lib(picture_tools_enc.obj)' or at 'C:\Users\Wes\source\repos\Coke\Release\webpencode.pdb'; linking object as if no debug info
webp.lib(predictor_enc.obj) : warning LNK4099: PDB 'webpencode.pdb' was not found with 'webp.lib(predictor_enc.obj)' or at 'C:\Users\Wes\source\repos\Coke\Release\webpencode.pdb'; linking object as if no debug info
webp.lib(quant_enc.obj) : warning LNK4099: PDB 'webpencode.pdb' was not found with 'webp.lib(quant_enc.obj)' or at 'C:\Users\Wes\source\repos\Coke\Release\webpencode.pdb'; linking object as if no debug info
webp.lib(syntax_enc.obj) : warning LNK4099: PDB 'webpencode.pdb' was not found with 'webp.lib(syntax_enc.obj)' or at 'C:\Users\Wes\source\repos\Coke\Release\webpencode.pdb'; linking object as if no debug info
webp.lib(token_enc.obj) : warning LNK4099: PDB 'webpencode.pdb' was not found with 'webp.lib(token_enc.obj)' or at 'C:\Users\Wes\source\repos\Coke\Release\webpencode.pdb'; linking object as if no debug info
webp.lib(tree_enc.obj) : warning LNK4099: PDB 'webpencode.pdb' was not found with 'webp.lib(tree_enc.obj)' or at 'C:\Users\Wes\source\repos\Coke\Release\webpencode.pdb'; linking object as if no debug info
webp.lib(vp8l_enc.obj) : warning LNK4099: PDB 'webpencode.pdb' was not found with 'webp.lib(vp8l_enc.obj)' or at 'C:\Users\Wes\source\repos\Coke\Release\webpencode.pdb'; linking object as if no debug info
webp.lib(webp_enc.obj) : warning LNK4099: PDB 'webpencode.pdb' was not found with 'webp.lib(webp_enc.obj)' or at 'C:\Users\Wes\source\repos\Coke\Release\webpencode.pdb'; linking object as if no debug info
webp.lib(bit_reader_utils.obj) : warning LNK4099: PDB 'webputils.pdb' was not found with 'webp.lib(bit_reader_utils.obj)' or at 'C:\Users\Wes\source\repos\Coke\Release\webputils.pdb'; linking object as if no debug info
webp.lib(color_cache_utils.obj) : warning LNK4099: PDB 'webputils.pdb' was not found with 'webp.lib(color_cache_utils.obj)' or at 'C:\Users\Wes\source\repos\Coke\Release\webputils.pdb'; linking object as if no debug info
webp.lib(filters_utils.obj) : warning LNK4099: PDB 'webputils.pdb' was not found with 'webp.lib(filters_utils.obj)' or at 'C:\Users\Wes\source\repos\Coke\Release\webputils.pdb'; linking object as if no debug info
webp.lib(huffman_utils.obj) : warning LNK4099: PDB 'webputils.pdb' was not found with 'webp.lib(huffman_utils.obj)' or at 'C:\Users\Wes\source\repos\Coke\Release\webputils.pdb'; linking object as if no debug info
webp.lib(quant_levels_dec_utils.obj) : warning LNK4099: PDB 'webputils.pdb' was not found with 'webp.lib(quant_levels_dec_utils.obj)' or at 'C:\Users\Wes\source\repos\Coke\Release\webputils.pdb'; linking object as if no debug info
webp.lib(rescaler_utils.obj) : warning LNK4099: PDB 'webputils.pdb' was not found with 'webp.lib(rescaler_utils.obj)' or at 'C:\Users\Wes\source\repos\Coke\Release\webputils.pdb'; linking object as if no debug info
webp.lib(random_utils.obj) : warning LNK4099: PDB 'webputils.pdb' was not found with 'webp.lib(random_utils.obj)' or at 'C:\Users\Wes\source\repos\Coke\Release\webputils.pdb'; linking object as if no debug info
webp.lib(thread_utils.obj) : warning LNK4099: PDB 'webputils.pdb' was not found with 'webp.lib(thread_utils.obj)' or at 'C:\Users\Wes\source\repos\Coke\Release\webputils.pdb'; linking object as if no debug info
webp.lib(utils.obj) : warning LNK4099: PDB 'webputils.pdb' was not found with 'webp.lib(utils.obj)' or at 'C:\Users\Wes\source\repos\Coke\Release\webputils.pdb'; linking object as if no debug info
webp.lib(bit_writer_utils.obj) : warning LNK4099: PDB 'webputils.pdb' was not found with 'webp.lib(bit_writer_utils.obj)' or at 'C:\Users\Wes\source\repos\Coke\Release\webputils.pdb'; linking object as if no debug info
webp.lib(huffman_encode_utils.obj) : warning LNK4099: PDB 'webputils.pdb' was not found with 'webp.lib(huffman_encode_utils.obj)' or at 'C:\Users\Wes\source\repos\Coke\Release\webputils.pdb'; linking object as if no debug info
webp.lib(quant_levels_utils.obj) : warning LNK4099: PDB 'webputils.pdb' was not found with 'webp.lib(quant_levels_utils.obj)' or at 'C:\Users\Wes\source\repos\Coke\Release\webputils.pdb'; linking object as if no debug info
freetype.lib(autofit.obj) : warning LNK4099: PDB 'freetype.pdb' was not found with 'freetype.lib(autofit.obj)' or at 'C:\Users\Wes\source\repos\Coke\Release\freetype.pdb'; linking object as if no debug info
freetype.lib(ftbase.obj) : warning LNK4099: PDB 'freetype.pdb' was not found with 'freetype.lib(ftbase.obj)' or at 'C:\Users\Wes\source\repos\Coke\Release\freetype.pdb'; linking object as if no debug info
freetype.lib(ftbitmap.obj) : warning LNK4099: PDB 'freetype.pdb' was not found with 'freetype.lib(ftbitmap.obj)' or at 'C:\Users\Wes\source\repos\Coke\Release\freetype.pdb'; linking object as if no debug info
freetype.lib(ftinit.obj) : warning LNK4099: PDB 'freetype.pdb' was not found with 'freetype.lib(ftinit.obj)' or at 'C:\Users\Wes\source\repos\Coke\Release\freetype.pdb'; linking object as if no debug info
freetype.lib(ftsystem.obj) : warning LNK4099: PDB 'freetype.pdb' was not found with 'freetype.lib(ftsystem.obj)' or at 'C:\Users\Wes\source\repos\Coke\Release\freetype.pdb'; linking object as if no debug info
freetype.lib(bdf.obj) : warning LNK4099: PDB 'freetype.pdb' was not found with 'freetype.lib(bdf.obj)' or at 'C:\Users\Wes\source\repos\Coke\Release\freetype.pdb'; linking object as if no debug info
freetype.lib(cff.obj) : warning LNK4099: PDB 'freetype.pdb' was not found with 'freetype.lib(cff.obj)' or at 'C:\Users\Wes\source\repos\Coke\Release\freetype.pdb'; linking object as if no debug info
freetype.lib(type1cid.obj) : warning LNK4099: PDB 'freetype.pdb' was not found with 'freetype.lib(type1cid.obj)' or at 'C:\Users\Wes\source\repos\Coke\Release\freetype.pdb'; linking object as if no debug info
freetype.lib(ftgzip.obj) : warning LNK4099: PDB 'freetype.pdb' was not found with 'freetype.lib(ftgzip.obj)' or at 'C:\Users\Wes\source\repos\Coke\Release\freetype.pdb'; linking object as if no debug info
freetype.lib(ftlzw.obj) : warning LNK4099: PDB 'freetype.pdb' was not found with 'freetype.lib(ftlzw.obj)' or at 'C:\Users\Wes\source\repos\Coke\Release\freetype.pdb'; linking object as if no debug info
freetype.lib(pcf.obj) : warning LNK4099: PDB 'freetype.pdb' was not found with 'freetype.lib(pcf.obj)' or at 'C:\Users\Wes\source\repos\Coke\Release\freetype.pdb'; linking object as if no debug info
freetype.lib(pfr.obj) : warning LNK4099: PDB 'freetype.pdb' was not found with 'freetype.lib(pfr.obj)' or at 'C:\Users\Wes\source\repos\Coke\Release\freetype.pdb'; linking object as if no debug info
freetype.lib(psaux.obj) : warning LNK4099: PDB 'freetype.pdb' was not found with 'freetype.lib(psaux.obj)' or at 'C:\Users\Wes\source\repos\Coke\Release\freetype.pdb'; linking object as if no debug info
freetype.lib(pshinter.obj) : warning LNK4099: PDB 'freetype.pdb' was not found with 'freetype.lib(pshinter.obj)' or at 'C:\Users\Wes\source\repos\Coke\Release\freetype.pdb'; linking object as if no debug info
freetype.lib(psnames.obj) : warning LNK4099: PDB 'freetype.pdb' was not found with 'freetype.lib(psnames.obj)' or at 'C:\Users\Wes\source\repos\Coke\Release\freetype.pdb'; linking object as if no debug info
freetype.lib(raster.obj) : warning LNK4099: PDB 'freetype.pdb' was not found with 'freetype.lib(raster.obj)' or at 'C:\Users\Wes\source\repos\Coke\Release\freetype.pdb'; linking object as if no debug info
freetype.lib(sfnt.obj) : warning LNK4099: PDB 'freetype.pdb' was not found with 'freetype.lib(sfnt.obj)' or at 'C:\Users\Wes\source\repos\Coke\Release\freetype.pdb'; linking object as if no debug info
freetype.lib(smooth.obj) : warning LNK4099: PDB 'freetype.pdb' was not found with 'freetype.lib(smooth.obj)' or at 'C:\Users\Wes\source\repos\Coke\Release\freetype.pdb'; linking object as if no debug info
freetype.lib(truetype.obj) : warning LNK4099: PDB 'freetype.pdb' was not found with 'freetype.lib(truetype.obj)' or at 'C:\Users\Wes\source\repos\Coke\Release\freetype.pdb'; linking object as if no debug info
freetype.lib(type1.obj) : warning LNK4099: PDB 'freetype.pdb' was not found with 'freetype.lib(type1.obj)' or at 'C:\Users\Wes\source\repos\Coke\Release\freetype.pdb'; linking object as if no debug info
freetype.lib(type42.obj) : warning LNK4099: PDB 'freetype.pdb' was not found with 'freetype.lib(type42.obj)' or at 'C:\Users\Wes\source\repos\Coke\Release\freetype.pdb'; linking object as if no debug info
freetype.lib(winfnt.obj) : warning LNK4099: PDB 'freetype.pdb' was not found with 'freetype.lib(winfnt.obj)' or at 'C:\Users\Wes\source\repos\Coke\Release\freetype.pdb'; linking object as if no debug info
  Coke.vcxproj -> C:\Users\Wes\source\repos\Coke\Release\Coke.exe
